<?xml version="1.0" encoding="UTF-8"?>
<!-- Generated by org.testng.reporters.JUnitXMLReporter -->
<testsuite ignored="4" hostname="DSGW-IN-5CD2090" failures="3" tests="3" name="Test" time="321.671" errors="0" timestamp="30 Oct 2024 13:49:09 GMT">
  <testcase classname="RegressionTestingEOUSScripts.ChecktheAddCopyandDeletefunctionalitiesofShipmentLineItems" name="checktheAddCopyandDeletefunctionalitiesofShipmentLineItems" time="123.755">
    <failure type="java.lang.AssertionError" message="expected [true] but found [false]">
      <![CDATA[java.lang.AssertionError: expected [true] but found [false]
	at RegressionTestingEOUSScripts.ChecktheAddCopyandDeletefunctionalitiesofShipmentLineItems.checktheAddCopyandDeletefunctionalitiesofShipmentLineItems(ChecktheAddCopyandDeletefunctionalitiesofShipmentLineItems.java:76)
... Removed 29 stack frames]]>
    </failure>
  </testcase> <!-- checktheAddCopyandDeletefunctionalitiesofShipmentLineItems -->
  <testcase classname="RegressionTestingEOUSScripts.ChecktheAddCopyandDeletefunctionalitiesofInvoiceCharges" name="checktheAddCopyandDeletefunctionalitiesofShipmentLineItems" time="85.31">
    <failure type="java.lang.AssertionError" message="expected [true] but found [false]">
      <![CDATA[java.lang.AssertionError: expected [true] but found [false]
	at RegressionTestingEOUSScripts.ChecktheAddCopyandDeletefunctionalitiesofInvoiceCharges.checktheAddCopyandDeletefunctionalitiesofShipmentLineItems(ChecktheAddCopyandDeletefunctionalitiesofInvoiceCharges.java:68)
... Removed 29 stack frames]]>
    </failure>
  </testcase> <!-- checktheAddCopyandDeletefunctionalitiesofShipmentLineItems -->
  <testcase classname="RegressionTestingEOUSScripts.ChecktheAddCopyandDeletefunctionalitiesofShipmentCartons" name="checktheAddCopyandDeletefunctionalitiesofShipmentLineItems" time="71.254">
    <failure type="java.lang.AssertionError" message="expected [true] but found [false]">
      <![CDATA[java.lang.AssertionError: expected [true] but found [false]
	at RegressionTestingEOUSScripts.ChecktheAddCopyandDeletefunctionalitiesofShipmentCartons.checktheAddCopyandDeletefunctionalitiesofShipmentLineItems(ChecktheAddCopyandDeletefunctionalitiesofShipmentCartons.java:65)
... Removed 29 stack frames]]>
    </failure>
  </testcase> <!-- checktheAddCopyandDeletefunctionalitiesofShipmentLineItems -->
  <testcase classname="initializer.SeleniumTestBase" name="@AfterSuite StopSelenium" time="0.0">
    <ignored/>
  </testcase> <!-- @AfterSuite StopSelenium -->
  <testcase classname="initializer.SeleniumTestBase" name="@AfterSuite StopSelenium" time="0.0">
    <ignored/>
  </testcase> <!-- @AfterSuite StopSelenium -->
  <testcase classname="initializer.SeleniumTestBase" name="@BeforeSuite report" time="0.0">
    <ignored/>
  </testcase> <!-- @BeforeSuite report -->
  <testcase classname="initializer.SeleniumTestBase" name="@BeforeSuite report" time="0.0">
    <ignored/>
  </testcase> <!-- @BeforeSuite report -->
</testsuite> <!-- Test -->
