<?xml version="1.0" encoding="UTF-8"?>
<testng-results ignored="4" total="7" passed="0" failed="3" skipped="0">
  <reporter-output>
  </reporter-output>
  <suite started-at="2024-10-30T13:43:47Z" name="Suite" finished-at="2024-10-30T13:49:09Z" duration-ms="321671">
    <groups>
    </groups>
    <test started-at="2024-10-30T13:43:47Z" name="Test" finished-at="2024-10-30T13:49:09Z" duration-ms="321671">
      <class name="RegressionTestingEOUSScripts.ChecktheAddCopyandDeletefunctionalitiesofInvoiceCharges">
        <test-method is-config="true" signature="startSelenium(java.lang.String, java.lang.String, java.lang.String)[pri:0, instance:RegressionTestingEOUSScripts.ChecktheAddCopyandDeletefunctionalitiesofInvoiceCharges@34f6515b]" started-at="2024-10-30T19:16:08Z" name="startSelenium" finished-at="2024-10-30T19:16:19Z" duration-ms="11074" status="PASS">
          <params>
            <param index="0">
              <value>
                <![CDATA[chrome]]>
              </value>
            </param>
            <param index="1">
              <value>
                <![CDATA[https://easetest.ocr-inc.com]]>
              </value>
            </param>
            <param index="2">
              <value>
                <![CDATA[ExportOperationRegressionTest.xlsx]]>
              </value>
            </param>
          </params>
          <reporter-output>
          </reporter-output>
        </test-method> <!-- startSelenium -->
        <test-method is-config="true" signature="astarttest(java.lang.reflect.Method)[pri:0, instance:RegressionTestingEOUSScripts.ChecktheAddCopyandDeletefunctionalitiesofInvoiceCharges@34f6515b]" started-at="2024-10-30T19:16:19Z" name="astarttest" finished-at="2024-10-30T19:16:19Z" duration-ms="0" status="PASS">
          <params>
            <param index="0">
              <value>
                <![CDATA[public void RegressionTestingEOUSScripts.ChecktheAddCopyandDeletefunctionalitiesofInvoiceCharges.checktheAddCopyandDeletefunctionalitiesofShipmentLineItems(java.lang.String,java.lang.String,java.lang.String,java.lang.String,java.lang.String,java.lang.String,java.lang.String,java.lang.String,java.lang.String,java.lang.String,java.lang.String)]]>
              </value>
            </param>
          </params>
          <reporter-output>
          </reporter-output>
        </test-method> <!-- astarttest -->
        <test-method signature="checktheAddCopyandDeletefunctionalitiesofShipmentLineItems(java.lang.String, java.lang.String, java.lang.String, java.lang.String, java.lang.String, java.lang.String, java.lang.String, java.lang.String, java.lang.String, java.lang.String, java.lang.String)[pri:0, instance:RegressionTestingEOUSScripts.ChecktheAddCopyandDeletefunctionalitiesofInvoiceCharges@34f6515b]" started-at="2024-10-30T19:16:19Z" name="checktheAddCopyandDeletefunctionalitiesofShipmentLineItems" data-provider="getData" finished-at="2024-10-30T19:17:44Z" duration-ms="85310" status="FAIL">
          <params>
            <param index="0">
              <value>
                <![CDATA[Check the Add Copy and Delete functionalities of Invoice Charges :]]>
              </value>
            </param>
            <param index="1">
              <value>
                <![CDATA[y]]>
              </value>
            </param>
            <param index="2">
              <value>
                <![CDATA[SETES]]>
              </value>
            </param>
            <param index="3">
              <value>
                <![CDATA[12]]>
              </value>
            </param>
            <param index="4">
              <value>
                <![CDATA[Test]]>
              </value>
            </param>
            <param index="5">
              <value>
                <![CDATA[100]]>
              </value>
            </param>
            <param index="6">
              <value>
                <![CDATA[100]]>
              </value>
            </param>
            <param index="7">
              <value>
                <![CDATA[]]>
              </value>
            </param>
            <param index="8">
              <value>
                <![CDATA[]]>
              </value>
            </param>
            <param index="9">
              <value>
                <![CDATA[]]>
              </value>
            </param>
            <param index="10">
              <value>
                <![CDATA[]]>
              </value>
            </param>
          </params>
          <exception class="java.lang.AssertionError">
            <message>
              <![CDATA[expected [true] but found [false]]]>
            </message>
            <full-stacktrace>
              <![CDATA[java.lang.AssertionError: expected [true] but found [false]
	at org.testng.Assert.fail(Assert.java:93)
	at org.testng.Assert.failNotEquals(Assert.java:512)
	at org.testng.Assert.assertTrue(Assert.java:41)
	at org.testng.Assert.assertTrue(Assert.java:51)
	at RegressionTestingEOUSScripts.ChecktheAddCopyandDeletefunctionalitiesofInvoiceCharges.checktheAddCopyandDeletefunctionalitiesofShipmentLineItems(ChecktheAddCopyandDeletefunctionalitiesofInvoiceCharges.java:68)
	at java.base/jdk.internal.reflect.NativeMethodAccessorImpl.invoke0(Native Method)
	at java.base/jdk.internal.reflect.NativeMethodAccessorImpl.invoke(NativeMethodAccessorImpl.java:77)
	at java.base/jdk.internal.reflect.DelegatingMethodAccessorImpl.invoke(DelegatingMethodAccessorImpl.java:43)
	at java.base/java.lang.reflect.Method.invoke(Method.java:568)
	at org.testng.internal.MethodInvocationHelper.invokeMethod(MethodInvocationHelper.java:108)
	at org.testng.internal.Invoker.invokeMethod(Invoker.java:661)
	at org.testng.internal.Invoker.invokeTestMethod(Invoker.java:869)
	at org.testng.internal.Invoker.invokeTestMethods(Invoker.java:1193)
	at org.testng.internal.TestMethodWorker.invokeTestMethods(TestMethodWorker.java:126)
	at org.testng.internal.TestMethodWorker.run(TestMethodWorker.java:109)
	at org.testng.TestRunner.privateRun(TestRunner.java:744)
	at org.testng.TestRunner.run(TestRunner.java:602)
	at org.testng.SuiteRunner.runTest(SuiteRunner.java:380)
	at org.testng.SuiteRunner.runSequentially(SuiteRunner.java:375)
	at org.testng.SuiteRunner.privateRun(SuiteRunner.java:340)
	at org.testng.SuiteRunner.run(SuiteRunner.java:289)
	at org.testng.SuiteRunnerWorker.runSuite(SuiteRunnerWorker.java:52)
	at org.testng.SuiteRunnerWorker.run(SuiteRunnerWorker.java:86)
	at org.testng.TestNG.runSuitesSequentially(TestNG.java:1301)
	at org.testng.TestNG.runSuitesLocally(TestNG.java:1226)
	at org.testng.TestNG.runSuites(TestNG.java:1144)
	at org.testng.TestNG.run(TestNG.java:1115)
	at org.testng.remote.AbstractRemoteTestNG.run(AbstractRemoteTestNG.java:115)
	at org.testng.remote.RemoteTestNG.initAndRun(RemoteTestNG.java:293)
	at org.testng.remote.RemoteTestNG.main(RemoteTestNG.java:91)
]]>
            </full-stacktrace>
          </exception> <!-- java.lang.AssertionError -->
          <reporter-output>
          </reporter-output>
        </test-method> <!-- checktheAddCopyandDeletefunctionalitiesofShipmentLineItems -->
        <test-method is-config="true" signature="zendtest()[pri:0, instance:RegressionTestingEOUSScripts.ChecktheAddCopyandDeletefunctionalitiesofInvoiceCharges@34f6515b]" started-at="2024-10-30T19:17:44Z" name="zendtest" finished-at="2024-10-30T19:17:44Z" duration-ms="4" status="PASS">
          <reporter-output>
          </reporter-output>
        </test-method> <!-- zendtest -->
        <test-method is-config="true" signature="close()[pri:0, instance:RegressionTestingEOUSScripts.ChecktheAddCopyandDeletefunctionalitiesofInvoiceCharges@34f6515b]" started-at="2024-10-30T19:17:44Z" name="close" finished-at="2024-10-30T19:17:45Z" duration-ms="1202" status="PASS">
          <reporter-output>
          </reporter-output>
        </test-method> <!-- close -->
      </class> <!-- RegressionTestingEOUSScripts.ChecktheAddCopyandDeletefunctionalitiesofInvoiceCharges -->
      <class name="RegressionTestingEOUSScripts.ChecktheAddCopyandDeletefunctionalitiesofShipmentLineItems">
        <test-method is-config="true" signature="report()[pri:0, instance:RegressionTestingEOUSScripts.ChecktheAddCopyandDeletefunctionalitiesofShipmentLineItems@3fc79729]" started-at="2024-10-30T19:13:47Z" name="report" finished-at="2024-10-30T19:13:47Z" duration-ms="23" status="PASS">
          <reporter-output>
          </reporter-output>
        </test-method> <!-- report -->
        <test-method is-config="true" signature="startSelenium(java.lang.String, java.lang.String, java.lang.String)[pri:0, instance:RegressionTestingEOUSScripts.ChecktheAddCopyandDeletefunctionalitiesofShipmentLineItems@3fc79729]" started-at="2024-10-30T19:13:47Z" name="startSelenium" finished-at="2024-10-30T19:14:03Z" duration-ms="15803" status="PASS">
          <params>
            <param index="0">
              <value>
                <![CDATA[chrome]]>
              </value>
            </param>
            <param index="1">
              <value>
                <![CDATA[https://easetest.ocr-inc.com]]>
              </value>
            </param>
            <param index="2">
              <value>
                <![CDATA[ExportOperationRegressionTest.xlsx]]>
              </value>
            </param>
          </params>
          <reporter-output>
          </reporter-output>
        </test-method> <!-- startSelenium -->
        <test-method is-config="true" signature="astarttest(java.lang.reflect.Method)[pri:0, instance:RegressionTestingEOUSScripts.ChecktheAddCopyandDeletefunctionalitiesofShipmentLineItems@3fc79729]" started-at="2024-10-30T19:14:03Z" name="astarttest" finished-at="2024-10-30T19:14:03Z" duration-ms="0" status="PASS">
          <params>
            <param index="0">
              <value>
                <![CDATA[public void RegressionTestingEOUSScripts.ChecktheAddCopyandDeletefunctionalitiesofShipmentLineItems.checktheAddCopyandDeletefunctionalitiesofShipmentLineItems(java.lang.String,java.lang.String,java.lang.String,java.lang.String,java.lang.String,java.lang.String,java.lang.String,java.lang.String,java.lang.String,java.lang.String,java.lang.String,java.lang.String,java.lang.String,java.lang.String,java.lang.String,java.lang.String,java.lang.String,java.lang.String,java.lang.String,java.lang.String,java.lang.String,java.lang.String,java.lang.String,java.lang.String,java.lang.String,java.lang.String,java.lang.String,java.lang.String)]]>
              </value>
            </param>
          </params>
          <reporter-output>
          </reporter-output>
        </test-method> <!-- astarttest -->
        <test-method signature="checktheAddCopyandDeletefunctionalitiesofShipmentLineItems(java.lang.String, java.lang.String, java.lang.String, java.lang.String, java.lang.String, java.lang.String, java.lang.String, java.lang.String, java.lang.String, java.lang.String, java.lang.String, java.lang.String, java.lang.String, java.lang.String, java.lang.String, java.lang.String, java.lang.String, java.lang.String, java.lang.String, java.lang.String, java.lang.String, java.lang.String, java.lang.String, java.lang.String, java.lang.String, java.lang.String, java.lang.String, java.lang.String)[pri:0, instance:RegressionTestingEOUSScripts.ChecktheAddCopyandDeletefunctionalitiesofShipmentLineItems@3fc79729]" started-at="2024-10-30T19:14:03Z" name="checktheAddCopyandDeletefunctionalitiesofShipmentLineItems" data-provider="getData" finished-at="2024-10-30T19:16:07Z" duration-ms="123755" status="FAIL">
          <params>
            <param index="0">
              <value>
                <![CDATA[Check the Add Copy and Delete functionalities of Shipment Line Items :]]>
              </value>
            </param>
            <param index="1">
              <value>
                <![CDATA[y]]>
              </value>
            </param>
            <param index="2">
              <value>
                <![CDATA[SETES]]>
              </value>
            </param>
            <param index="3">
              <value>
                <![CDATA[12]]>
              </value>
            </param>
            <param index="4">
              <value>
                <![CDATA[123]]>
              </value>
            </param>
            <param index="5">
              <value>
                <![CDATA[123]]>
              </value>
            </param>
            <param index="6">
              <value>
                <![CDATA[123]]>
              </value>
            </param>
            <param index="7">
              <value>
                <![CDATA[123]]>
              </value>
            </param>
            <param index="8">
              <value>
                <![CDATA[123]]>
              </value>
            </param>
            <param index="9">
              <value>
                <![CDATA[123]]>
              </value>
            </param>
            <param index="10">
              <value>
                <![CDATA[123]]>
              </value>
            </param>
            <param index="11">
              <value>
                <![CDATA[123]]>
              </value>
            </param>
            <param index="12">
              <value>
                <![CDATA[123]]>
              </value>
            </param>
            <param index="13">
              <value>
                <![CDATA[123]]>
              </value>
            </param>
            <param index="14">
              <value>
                <![CDATA[UNITED STATES]]>
              </value>
            </param>
            <param index="15">
              <value>
                <![CDATA[UNITED STATES]]>
              </value>
            </param>
            <param index="16">
              <value>
                <![CDATA[]]>
              </value>
            </param>
            <param index="17">
              <value>
                <![CDATA[]]>
              </value>
            </param>
            <param index="18">
              <value>
                <![CDATA[]]>
              </value>
            </param>
            <param index="19">
              <value>
                <![CDATA[]]>
              </value>
            </param>
            <param index="20">
              <value>
                <![CDATA[]]>
              </value>
            </param>
            <param index="21">
              <value>
                <![CDATA[100]]>
              </value>
            </param>
            <param index="22">
              <value>
                <![CDATA[EA]]>
              </value>
            </param>
            <param index="23">
              <value>
                <![CDATA[100]]>
              </value>
            </param>
            <param index="24">
              <value>
                <![CDATA[USD]]>
              </value>
            </param>
            <param index="25">
              <value>
                <![CDATA[100]]>
              </value>
            </param>
            <param index="26">
              <value>
                <![CDATA[10]]>
              </value>
            </param>
            <param index="27">
              <value>
                <![CDATA[10]]>
              </value>
            </param>
          </params>
          <exception class="java.lang.AssertionError">
            <message>
              <![CDATA[expected [true] but found [false]]]>
            </message>
            <full-stacktrace>
              <![CDATA[java.lang.AssertionError: expected [true] but found [false]
	at org.testng.Assert.fail(Assert.java:93)
	at org.testng.Assert.failNotEquals(Assert.java:512)
	at org.testng.Assert.assertTrue(Assert.java:41)
	at org.testng.Assert.assertTrue(Assert.java:51)
	at RegressionTestingEOUSScripts.ChecktheAddCopyandDeletefunctionalitiesofShipmentLineItems.checktheAddCopyandDeletefunctionalitiesofShipmentLineItems(ChecktheAddCopyandDeletefunctionalitiesofShipmentLineItems.java:76)
	at java.base/jdk.internal.reflect.NativeMethodAccessorImpl.invoke0(Native Method)
	at java.base/jdk.internal.reflect.NativeMethodAccessorImpl.invoke(NativeMethodAccessorImpl.java:77)
	at java.base/jdk.internal.reflect.DelegatingMethodAccessorImpl.invoke(DelegatingMethodAccessorImpl.java:43)
	at java.base/java.lang.reflect.Method.invoke(Method.java:568)
	at org.testng.internal.MethodInvocationHelper.invokeMethod(MethodInvocationHelper.java:108)
	at org.testng.internal.Invoker.invokeMethod(Invoker.java:661)
	at org.testng.internal.Invoker.invokeTestMethod(Invoker.java:869)
	at org.testng.internal.Invoker.invokeTestMethods(Invoker.java:1193)
	at org.testng.internal.TestMethodWorker.invokeTestMethods(TestMethodWorker.java:126)
	at org.testng.internal.TestMethodWorker.run(TestMethodWorker.java:109)
	at org.testng.TestRunner.privateRun(TestRunner.java:744)
	at org.testng.TestRunner.run(TestRunner.java:602)
	at org.testng.SuiteRunner.runTest(SuiteRunner.java:380)
	at org.testng.SuiteRunner.runSequentially(SuiteRunner.java:375)
	at org.testng.SuiteRunner.privateRun(SuiteRunner.java:340)
	at org.testng.SuiteRunner.run(SuiteRunner.java:289)
	at org.testng.SuiteRunnerWorker.runSuite(SuiteRunnerWorker.java:52)
	at org.testng.SuiteRunnerWorker.run(SuiteRunnerWorker.java:86)
	at org.testng.TestNG.runSuitesSequentially(TestNG.java:1301)
	at org.testng.TestNG.runSuitesLocally(TestNG.java:1226)
	at org.testng.TestNG.runSuites(TestNG.java:1144)
	at org.testng.TestNG.run(TestNG.java:1115)
	at org.testng.remote.AbstractRemoteTestNG.run(AbstractRemoteTestNG.java:115)
	at org.testng.remote.RemoteTestNG.initAndRun(RemoteTestNG.java:293)
	at org.testng.remote.RemoteTestNG.main(RemoteTestNG.java:91)
]]>
            </full-stacktrace>
          </exception> <!-- java.lang.AssertionError -->
          <reporter-output>
          </reporter-output>
        </test-method> <!-- checktheAddCopyandDeletefunctionalitiesofShipmentLineItems -->
        <test-method is-config="true" signature="zendtest()[pri:0, instance:RegressionTestingEOUSScripts.ChecktheAddCopyandDeletefunctionalitiesofShipmentLineItems@3fc79729]" started-at="2024-10-30T19:16:07Z" name="zendtest" finished-at="2024-10-30T19:16:07Z" duration-ms="5" status="PASS">
          <reporter-output>
          </reporter-output>
        </test-method> <!-- zendtest -->
        <test-method is-config="true" signature="close()[pri:0, instance:RegressionTestingEOUSScripts.ChecktheAddCopyandDeletefunctionalitiesofShipmentLineItems@3fc79729]" started-at="2024-10-30T19:16:07Z" name="close" finished-at="2024-10-30T19:16:08Z" duration-ms="1168" status="PASS">
          <reporter-output>
          </reporter-output>
        </test-method> <!-- close -->
        <test-method is-config="true" signature="StopSelenium()[pri:0, instance:RegressionTestingEOUSScripts.ChecktheAddCopyandDeletefunctionalitiesofShipmentLineItems@3fc79729]" started-at="2024-10-30T19:19:09Z" name="StopSelenium" finished-at="2024-10-30T19:19:09Z" duration-ms="561" status="PASS">
          <reporter-output>
          </reporter-output>
        </test-method> <!-- StopSelenium -->
      </class> <!-- RegressionTestingEOUSScripts.ChecktheAddCopyandDeletefunctionalitiesofShipmentLineItems -->
      <class name="RegressionTestingEOUSScripts.ChecktheAddCopyandDeletefunctionalitiesofShipmentCartons">
        <test-method is-config="true" signature="startSelenium(java.lang.String, java.lang.String, java.lang.String)[pri:0, instance:RegressionTestingEOUSScripts.ChecktheAddCopyandDeletefunctionalitiesofShipmentCartons@4b34fff9]" started-at="2024-10-30T19:17:45Z" name="startSelenium" finished-at="2024-10-30T19:17:56Z" duration-ms="10924" status="PASS">
          <params>
            <param index="0">
              <value>
                <![CDATA[chrome]]>
              </value>
            </param>
            <param index="1">
              <value>
                <![CDATA[https://easetest.ocr-inc.com]]>
              </value>
            </param>
            <param index="2">
              <value>
                <![CDATA[ExportOperationRegressionTest.xlsx]]>
              </value>
            </param>
          </params>
          <reporter-output>
          </reporter-output>
        </test-method> <!-- startSelenium -->
        <test-method is-config="true" signature="astarttest(java.lang.reflect.Method)[pri:0, instance:RegressionTestingEOUSScripts.ChecktheAddCopyandDeletefunctionalitiesofShipmentCartons@4b34fff9]" started-at="2024-10-30T19:17:56Z" name="astarttest" finished-at="2024-10-30T19:17:56Z" duration-ms="0" status="PASS">
          <params>
            <param index="0">
              <value>
                <![CDATA[public void RegressionTestingEOUSScripts.ChecktheAddCopyandDeletefunctionalitiesofShipmentCartons.checktheAddCopyandDeletefunctionalitiesofShipmentLineItems(java.lang.String,java.lang.String,java.lang.String,java.lang.String,java.lang.String,java.lang.String,java.lang.String,java.lang.String)]]>
              </value>
            </param>
          </params>
          <reporter-output>
          </reporter-output>
        </test-method> <!-- astarttest -->
        <test-method signature="checktheAddCopyandDeletefunctionalitiesofShipmentLineItems(java.lang.String, java.lang.String, java.lang.String, java.lang.String, java.lang.String, java.lang.String, java.lang.String, java.lang.String)[pri:0, instance:RegressionTestingEOUSScripts.ChecktheAddCopyandDeletefunctionalitiesofShipmentCartons@4b34fff9]" started-at="2024-10-30T19:17:56Z" name="checktheAddCopyandDeletefunctionalitiesofShipmentLineItems" data-provider="getData" finished-at="2024-10-30T19:19:08Z" duration-ms="71254" status="FAIL">
          <params>
            <param index="0">
              <value>
                <![CDATA[Check the Add Copy and Delete functionalities of Shipment Cartons :]]>
              </value>
            </param>
            <param index="1">
              <value>
                <![CDATA[y]]>
              </value>
            </param>
            <param index="2">
              <value>
                <![CDATA[SETES]]>
              </value>
            </param>
            <param index="3">
              <value>
                <![CDATA[12]]>
              </value>
            </param>
            <param index="4">
              <value>
                <![CDATA[Inches]]>
              </value>
            </param>
            <param index="5">
              <value>
                <![CDATA[25]]>
              </value>
            </param>
            <param index="6">
              <value>
                <![CDATA[30]]>
              </value>
            </param>
            <param index="7">
              <value>
                <![CDATA[25]]>
              </value>
            </param>
          </params>
          <exception class="java.lang.AssertionError">
            <message>
              <![CDATA[expected [true] but found [false]]]>
            </message>
            <full-stacktrace>
              <![CDATA[java.lang.AssertionError: expected [true] but found [false]
	at org.testng.Assert.fail(Assert.java:93)
	at org.testng.Assert.failNotEquals(Assert.java:512)
	at org.testng.Assert.assertTrue(Assert.java:41)
	at org.testng.Assert.assertTrue(Assert.java:51)
	at RegressionTestingEOUSScripts.ChecktheAddCopyandDeletefunctionalitiesofShipmentCartons.checktheAddCopyandDeletefunctionalitiesofShipmentLineItems(ChecktheAddCopyandDeletefunctionalitiesofShipmentCartons.java:65)
	at java.base/jdk.internal.reflect.NativeMethodAccessorImpl.invoke0(Native Method)
	at java.base/jdk.internal.reflect.NativeMethodAccessorImpl.invoke(NativeMethodAccessorImpl.java:77)
	at java.base/jdk.internal.reflect.DelegatingMethodAccessorImpl.invoke(DelegatingMethodAccessorImpl.java:43)
	at java.base/java.lang.reflect.Method.invoke(Method.java:568)
	at org.testng.internal.MethodInvocationHelper.invokeMethod(MethodInvocationHelper.java:108)
	at org.testng.internal.Invoker.invokeMethod(Invoker.java:661)
	at org.testng.internal.Invoker.invokeTestMethod(Invoker.java:869)
	at org.testng.internal.Invoker.invokeTestMethods(Invoker.java:1193)
	at org.testng.internal.TestMethodWorker.invokeTestMethods(TestMethodWorker.java:126)
	at org.testng.internal.TestMethodWorker.run(TestMethodWorker.java:109)
	at org.testng.TestRunner.privateRun(TestRunner.java:744)
	at org.testng.TestRunner.run(TestRunner.java:602)
	at org.testng.SuiteRunner.runTest(SuiteRunner.java:380)
	at org.testng.SuiteRunner.runSequentially(SuiteRunner.java:375)
	at org.testng.SuiteRunner.privateRun(SuiteRunner.java:340)
	at org.testng.SuiteRunner.run(SuiteRunner.java:289)
	at org.testng.SuiteRunnerWorker.runSuite(SuiteRunnerWorker.java:52)
	at org.testng.SuiteRunnerWorker.run(SuiteRunnerWorker.java:86)
	at org.testng.TestNG.runSuitesSequentially(TestNG.java:1301)
	at org.testng.TestNG.runSuitesLocally(TestNG.java:1226)
	at org.testng.TestNG.runSuites(TestNG.java:1144)
	at org.testng.TestNG.run(TestNG.java:1115)
	at org.testng.remote.AbstractRemoteTestNG.run(AbstractRemoteTestNG.java:115)
	at org.testng.remote.RemoteTestNG.initAndRun(RemoteTestNG.java:293)
	at org.testng.remote.RemoteTestNG.main(RemoteTestNG.java:91)
]]>
            </full-stacktrace>
          </exception> <!-- java.lang.AssertionError -->
          <reporter-output>
          </reporter-output>
        </test-method> <!-- checktheAddCopyandDeletefunctionalitiesofShipmentLineItems -->
        <test-method is-config="true" signature="zendtest()[pri:0, instance:RegressionTestingEOUSScripts.ChecktheAddCopyandDeletefunctionalitiesofShipmentCartons@4b34fff9]" started-at="2024-10-30T19:19:08Z" name="zendtest" finished-at="2024-10-30T19:19:08Z" duration-ms="2" status="PASS">
          <reporter-output>
          </reporter-output>
        </test-method> <!-- zendtest -->
        <test-method is-config="true" signature="close()[pri:0, instance:RegressionTestingEOUSScripts.ChecktheAddCopyandDeletefunctionalitiesofShipmentCartons@4b34fff9]" started-at="2024-10-30T19:19:08Z" name="close" finished-at="2024-10-30T19:19:09Z" duration-ms="1075" status="PASS">
          <reporter-output>
          </reporter-output>
        </test-method> <!-- close -->
      </class> <!-- RegressionTestingEOUSScripts.ChecktheAddCopyandDeletefunctionalitiesofShipmentCartons -->
    </test> <!-- Test -->
  </suite> <!-- Suite -->
</testng-results>
